0 info it worked if it ends with ok
1 verbose cli [ 'node', '/usr/local/bin/npm', 'publish' ]
2 info using npm@1.4.3
3 info using node@v0.10.26
4 verbose node symlink /usr/bin/node
5 verbose publish [ '.' ]
6 verbose cache add [ '.', null ]
7 verbose cache add name=undefined spec="." args=[".",null]
8 verbose parsed url { protocol: null,
8 verbose parsed url   slashes: null,
8 verbose parsed url   auth: null,
8 verbose parsed url   host: null,
8 verbose parsed url   port: null,
8 verbose parsed url   hostname: null,
8 verbose parsed url   hash: null,
8 verbose parsed url   search: null,
8 verbose parsed url   query: null,
8 verbose parsed url   pathname: '.',
8 verbose parsed url   path: '.',
8 verbose parsed url   href: '.' }
9 silly lockFile 3a52ce78- .
10 verbose lock . /Users/rogerdudler/.npm/3a52ce78-.lock
11 verbose tar pack [ '/var/folders/ml/6j771s854dsccp72664_bgbw0000gp/T/npm-67528-jK8wD7ls/1394060509034-0.6569944007787853/tmp.tgz',
11 verbose tar pack   '.' ]
12 verbose tarball /var/folders/ml/6j771s854dsccp72664_bgbw0000gp/T/npm-67528-jK8wD7ls/1394060509034-0.6569944007787853/tmp.tgz
13 verbose folder .
14 info prepublish generator-frontify@1.0.0
15 silly lockFile 1f1177db-tar tar://.
16 verbose lock tar://. /Users/rogerdudler/.npm/1f1177db-tar.lock
17 silly lockFile 7112a055-09034-0-6569944007787853-tmp-tgz tar:///var/folders/ml/6j771s854dsccp72664_bgbw0000gp/T/npm-67528-jK8wD7ls/1394060509034-0.6569944007787853/tmp.tgz
18 verbose lock tar:///var/folders/ml/6j771s854dsccp72664_bgbw0000gp/T/npm-67528-jK8wD7ls/1394060509034-0.6569944007787853/tmp.tgz /Users/rogerdudler/.npm/7112a055-09034-0-6569944007787853-tmp-tgz.lock
19 silly lockFile 1f1177db-tar tar://.
20 silly lockFile 1f1177db-tar tar://.
21 silly lockFile 7112a055-09034-0-6569944007787853-tmp-tgz tar:///var/folders/ml/6j771s854dsccp72664_bgbw0000gp/T/npm-67528-jK8wD7ls/1394060509034-0.6569944007787853/tmp.tgz
22 silly lockFile 7112a055-09034-0-6569944007787853-tmp-tgz tar:///var/folders/ml/6j771s854dsccp72664_bgbw0000gp/T/npm-67528-jK8wD7ls/1394060509034-0.6569944007787853/tmp.tgz
23 verbose tar unpack /var/folders/ml/6j771s854dsccp72664_bgbw0000gp/T/npm-67528-jK8wD7ls/1394060509034-0.6569944007787853/tmp.tgz
24 silly lockFile f3f2b10e-09034-0-6569944007787853-package tar:///var/folders/ml/6j771s854dsccp72664_bgbw0000gp/T/npm-67528-jK8wD7ls/1394060509034-0.6569944007787853/package
25 verbose lock tar:///var/folders/ml/6j771s854dsccp72664_bgbw0000gp/T/npm-67528-jK8wD7ls/1394060509034-0.6569944007787853/package /Users/rogerdudler/.npm/f3f2b10e-09034-0-6569944007787853-package.lock
26 silly lockFile 7112a055-09034-0-6569944007787853-tmp-tgz tar:///var/folders/ml/6j771s854dsccp72664_bgbw0000gp/T/npm-67528-jK8wD7ls/1394060509034-0.6569944007787853/tmp.tgz
27 verbose lock tar:///var/folders/ml/6j771s854dsccp72664_bgbw0000gp/T/npm-67528-jK8wD7ls/1394060509034-0.6569944007787853/tmp.tgz /Users/rogerdudler/.npm/7112a055-09034-0-6569944007787853-tmp-tgz.lock
28 silly gunzTarPerm modes [ '755', '644' ]
29 silly gunzTarPerm extractEntry package.json
30 silly gunzTarPerm extractEntry README.md
31 silly gunzTarPerm extractEntry app/index.js
32 silly gunzTarPerm extractEntry app/templates/Gruntfile.js
33 silly gunzTarPerm extractEntry app/templates/_index.js
34 silly gunzTarPerm extractEntry app/templates/_package.json
35 silly gunzTarPerm extractEntry app/templates/api/app/views.json
36 silly gunzTarPerm extractEntry app/templates/api/navigation/main.json
37 silly gunzTarPerm extractEntry app/templates/assets/css/core/base.less
38 silly gunzTarPerm extractEntry app/templates/assets/css/core/variables.less
39 silly gunzTarPerm extractEntry app/templates/assets/img/favicon.png
40 silly gunzTarPerm extractEntry app/templates/assets/js/core/dot.min.js
41 silly gunzTarPerm extractEntry app/templates/assets/js/core/jquery.min.js
42 silly gunzTarPerm extractEntry app/templates/assets/js/core/terrific.min.js
43 silly gunzTarPerm extractEntry app/templates/assets/js/ie/html5shiv.min.js
44 silly gunzTarPerm extractEntry app/templates/assets/js/libraries/path.min.js
45 silly gunzTarPerm extractEntry app/templates/editorconfig
46 silly gunzTarPerm extractEntry app/templates/gitignore
47 silly gunzTarPerm extractEntry app/templates/modules/App/js/app.js
48 silly gunzTarPerm extractEntry app/templates/modules/Layout/css/layout-default.less
49 silly gunzTarPerm extractEntry app/templates/modules/Layout/css/layout.less
50 silly gunzTarPerm extractEntry app/templates/modules/Layout/layout-default.html
51 silly gunzTarPerm extractEntry app/templates/modules/Logo/css/logo.less
52 silly gunzTarPerm extractEntry app/templates/modules/Logo/logo.html
53 silly gunzTarPerm extractEntry app/templates/modules/Navigation/css/navigation.less
54 silly gunzTarPerm extractEntry app/templates/modules/Navigation/js/navigation.js
55 silly gunzTarPerm extractEntry app/templates/modules/Navigation/navigation-items.html
56 silly gunzTarPerm extractEntry app/templates/modules/Navigation/navigation.html
57 silly gunzTarPerm extractEntry app/templates/views/index-prod.html
58 silly gunzTarPerm extractEntry app/templates/views/index.html
59 silly lockFile f3f2b10e-09034-0-6569944007787853-package tar:///var/folders/ml/6j771s854dsccp72664_bgbw0000gp/T/npm-67528-jK8wD7ls/1394060509034-0.6569944007787853/package
60 silly lockFile f3f2b10e-09034-0-6569944007787853-package tar:///var/folders/ml/6j771s854dsccp72664_bgbw0000gp/T/npm-67528-jK8wD7ls/1394060509034-0.6569944007787853/package
61 silly lockFile 7112a055-09034-0-6569944007787853-tmp-tgz tar:///var/folders/ml/6j771s854dsccp72664_bgbw0000gp/T/npm-67528-jK8wD7ls/1394060509034-0.6569944007787853/tmp.tgz
62 silly lockFile 7112a055-09034-0-6569944007787853-tmp-tgz tar:///var/folders/ml/6j771s854dsccp72664_bgbw0000gp/T/npm-67528-jK8wD7ls/1394060509034-0.6569944007787853/tmp.tgz
63 verbose tar pack [ '/Users/rogerdudler/.npm/generator-frontify/1.0.0/package.tgz',
63 verbose tar pack   '/var/folders/ml/6j771s854dsccp72664_bgbw0000gp/T/npm-67528-jK8wD7ls/1394060509034-0.6569944007787853/package' ]
64 verbose tarball /Users/rogerdudler/.npm/generator-frontify/1.0.0/package.tgz
65 verbose folder /var/folders/ml/6j771s854dsccp72664_bgbw0000gp/T/npm-67528-jK8wD7ls/1394060509034-0.6569944007787853/package
66 silly lockFile f3f2b10e-09034-0-6569944007787853-package tar:///var/folders/ml/6j771s854dsccp72664_bgbw0000gp/T/npm-67528-jK8wD7ls/1394060509034-0.6569944007787853/package
67 verbose lock tar:///var/folders/ml/6j771s854dsccp72664_bgbw0000gp/T/npm-67528-jK8wD7ls/1394060509034-0.6569944007787853/package /Users/rogerdudler/.npm/f3f2b10e-09034-0-6569944007787853-package.lock
68 silly lockFile 9cd87073-rator-frontify-1-0-0-package-tgz tar:///Users/rogerdudler/.npm/generator-frontify/1.0.0/package.tgz
69 verbose lock tar:///Users/rogerdudler/.npm/generator-frontify/1.0.0/package.tgz /Users/rogerdudler/.npm/9cd87073-rator-frontify-1-0-0-package-tgz.lock
70 silly lockFile f3f2b10e-09034-0-6569944007787853-package tar:///var/folders/ml/6j771s854dsccp72664_bgbw0000gp/T/npm-67528-jK8wD7ls/1394060509034-0.6569944007787853/package
71 silly lockFile f3f2b10e-09034-0-6569944007787853-package tar:///var/folders/ml/6j771s854dsccp72664_bgbw0000gp/T/npm-67528-jK8wD7ls/1394060509034-0.6569944007787853/package
72 silly lockFile 9cd87073-rator-frontify-1-0-0-package-tgz tar:///Users/rogerdudler/.npm/generator-frontify/1.0.0/package.tgz
73 silly lockFile 9cd87073-rator-frontify-1-0-0-package-tgz tar:///Users/rogerdudler/.npm/generator-frontify/1.0.0/package.tgz
74 silly lockFile 1d204f8e-generator-frontify-1-0-0-package /Users/rogerdudler/.npm/generator-frontify/1.0.0/package
75 verbose lock /Users/rogerdudler/.npm/generator-frontify/1.0.0/package /Users/rogerdudler/.npm/1d204f8e-generator-frontify-1-0-0-package.lock
76 silly lockFile 1d204f8e-generator-frontify-1-0-0-package /Users/rogerdudler/.npm/generator-frontify/1.0.0/package
77 silly lockFile 1d204f8e-generator-frontify-1-0-0-package /Users/rogerdudler/.npm/generator-frontify/1.0.0/package
78 verbose tar unpack /Users/rogerdudler/.npm/generator-frontify/1.0.0/package.tgz
79 silly lockFile 12820eaf-generator-frontify-1-0-0-package tar:///Users/rogerdudler/.npm/generator-frontify/1.0.0/package
80 verbose lock tar:///Users/rogerdudler/.npm/generator-frontify/1.0.0/package /Users/rogerdudler/.npm/12820eaf-generator-frontify-1-0-0-package.lock
81 silly lockFile 9cd87073-rator-frontify-1-0-0-package-tgz tar:///Users/rogerdudler/.npm/generator-frontify/1.0.0/package.tgz
82 verbose lock tar:///Users/rogerdudler/.npm/generator-frontify/1.0.0/package.tgz /Users/rogerdudler/.npm/9cd87073-rator-frontify-1-0-0-package-tgz.lock
83 silly gunzTarPerm modes [ '755', '644' ]
84 silly gunzTarPerm extractEntry package.json
85 silly gunzTarPerm extractEntry README.md
86 silly gunzTarPerm extractEntry app/index.js
87 silly gunzTarPerm extractEntry app/templates/Gruntfile.js
88 silly gunzTarPerm extractEntry app/templates/_index.js
89 silly gunzTarPerm extractEntry app/templates/_package.json
90 silly gunzTarPerm extractEntry app/templates/api/app/views.json
91 silly gunzTarPerm extractEntry app/templates/api/navigation/main.json
92 silly gunzTarPerm extractEntry app/templates/assets/css/core/base.less
93 silly gunzTarPerm extractEntry app/templates/assets/css/core/variables.less
94 silly gunzTarPerm extractEntry app/templates/assets/img/favicon.png
95 silly gunzTarPerm extractEntry app/templates/assets/js/core/dot.min.js
96 silly gunzTarPerm extractEntry app/templates/assets/js/core/jquery.min.js
97 silly gunzTarPerm extractEntry app/templates/assets/js/core/terrific.min.js
98 silly gunzTarPerm extractEntry app/templates/assets/js/ie/html5shiv.min.js
99 silly gunzTarPerm extractEntry app/templates/assets/js/libraries/path.min.js
100 silly gunzTarPerm extractEntry app/templates/editorconfig
101 silly gunzTarPerm extractEntry app/templates/gitignore
102 silly gunzTarPerm extractEntry app/templates/modules/App/js/app.js
103 silly gunzTarPerm extractEntry app/templates/modules/Layout/css/layout-default.less
104 silly gunzTarPerm extractEntry app/templates/modules/Layout/css/layout.less
105 silly gunzTarPerm extractEntry app/templates/modules/Layout/layout-default.html
106 silly gunzTarPerm extractEntry app/templates/modules/Logo/css/logo.less
107 silly gunzTarPerm extractEntry app/templates/modules/Logo/logo.html
108 silly gunzTarPerm extractEntry app/templates/modules/Navigation/css/navigation.less
109 silly gunzTarPerm extractEntry app/templates/modules/Navigation/js/navigation.js
110 silly gunzTarPerm extractEntry app/templates/modules/Navigation/navigation-items.html
111 silly gunzTarPerm extractEntry app/templates/modules/Navigation/navigation.html
112 silly gunzTarPerm extractEntry app/templates/views/index-prod.html
113 silly gunzTarPerm extractEntry app/templates/views/index.html
114 silly lockFile 12820eaf-generator-frontify-1-0-0-package tar:///Users/rogerdudler/.npm/generator-frontify/1.0.0/package
115 silly lockFile 12820eaf-generator-frontify-1-0-0-package tar:///Users/rogerdudler/.npm/generator-frontify/1.0.0/package
116 silly lockFile 9cd87073-rator-frontify-1-0-0-package-tgz tar:///Users/rogerdudler/.npm/generator-frontify/1.0.0/package.tgz
117 silly lockFile 9cd87073-rator-frontify-1-0-0-package-tgz tar:///Users/rogerdudler/.npm/generator-frontify/1.0.0/package.tgz
118 verbose chmod /Users/rogerdudler/.npm/generator-frontify/1.0.0/package.tgz 644
119 verbose chown /Users/rogerdudler/.npm/generator-frontify/1.0.0/package.tgz [ 0, 20 ]
120 silly lockFile 3a52ce78- .
121 silly lockFile 3a52ce78- .
122 silly publish { name: 'generator-frontify',
122 silly publish   version: '1.0.0',
122 silly publish   description: 'Modular front-end (Terrific.js) with declarative views and layouts',
122 silly publish   license: 'MIT',
122 silly publish   main: 'app/index.js',
122 silly publish   repository:
122 silly publish    { type: 'git',
122 silly publish      url: 'git://github.com/Frontify/generator-frontify' },
122 silly publish   author:
122 silly publish    { name: 'Roger Dudler',
122 silly publish      email: 'roger.dudler@gmail.com',
122 silly publish      url: 'https://github.com/rogerdudler' },
122 silly publish   engines: { node: '>=0.10.0' },
122 silly publish   scripts: { test: 'mocha' },
122 silly publish   files: [ 'app' ],
122 silly publish   keywords: [ 'yeoman-generator' ],
122 silly publish   dependencies: { 'yeoman-generator': '~0.16.0', chalk: '~0.4.0' },
122 silly publish   devDependencies: { mocha: '*' },
122 silly publish   peerDependencies: { yo: '>=1.0.0' },
122 silly publish   readme: '# generator-frontify\n\nA generator for [Yeoman](http://yeoman.io).\n\n[![Build Status](https://travis-ci.org/Frontify/generator-frontify.png)](https://travis-ci.org/Frontify/generator-frontify)\n\n## Getting Started\n\nInstall\n```\n$ npm install -g yo grunt-cli\n$ npm install generator-frontify\n```\nInitialize\n```\n$ yo frontify\n```',
122 silly publish   readmeFilename: 'README.md',
122 silly publish   bugs: { url: 'https://github.com/Frontify/generator-frontify/issues' },
122 silly publish   homepage: 'https://github.com/Frontify/generator-frontify',
122 silly publish   _id: 'generator-frontify@1.0.0',
122 silly publish   dist: { shasum: '0921cdf14802c7830c9670267e13e4ce559e56fd' },
122 silly publish   _from: '.' }
123 verbose url raw generator-frontify
124 verbose url resolving [ 'https://registry.npmjs.org/', './generator-frontify' ]
125 verbose url resolved https://registry.npmjs.org/generator-frontify
126 info trying registry request attempt 1 at 00:01:49
127 http PUT https://registry.npmjs.org/generator-frontify
128 http 403 https://registry.npmjs.org/generator-frontify
129 error publish Failed PUT 403
130 error Error: forbidden cannot modify pre-existing version: 1.0.0
130 error old={"name":"generator-frontify","version":"1.0.0","description":"Modular front-end (Terrific.js) with declarative views and layouts","license":"MIT","main":"app/index.js","repository":{"type":"git","url":"git://github.com/Frontify/generator-frontify"},"author":{"name":"Roger Dudler","email":"roger.dudler@gmail.com","url":"https://github.com/rogerdudler"},"engines":{"node":">=0.10.0"},"scripts":{"test":"mocha"},"files":["app"],"keywords":["yeoman-generator"],"dependencies":{"yeoman-generator":"~0.16.0","chalk":"~0.4.0"},"devDependencies":{"mocha":"*"},"peerDependencies":{"yo":">=1.0.0"},"bugs":{"url":"https://github.com/Frontify/generator-frontify/issues"},"homepage":"https://github.com/Frontify/generator-frontify","_id":"generator-frontify@1.0.0","dist":{"shasum":"13c383e873bcfdac4c5433ef16ba9dcd3aa5633d","tarball":"http://registry.npmjs.org/generator-frontify/-/generator-frontify-1.0.0.tgz"},"_from":".","_npmVersion":"1.4.3","_npmUser":{"name":"rogerdudler","email":"roger.dudler@frontify.com"},"maintainers":[{"name":"rogerdudler","email":"roger.dudler@frontify.com"}]}
130 error new={"name":"generator-frontify","version":"1.0.0","description":"Modular front-end (Terrific.js) with declarative views and layouts","license":"MIT","main":"app/index.js","repository":{"type":"git","url":"git://github.com/Frontify/generator-frontify"},"author":{"name":"Roger Dudler","email":"roger.dudler@gmail.com","url":"https://github.com/rogerdudler"},"engines":{"node":">=0.10.0"},"scripts":{"test":"mocha"},"files":["app"],"keywords":["yeoman-generator"],"dependencies":{"yeoman-generator":"~0.16.0","chalk":"~0.4.0"},"devDependencies":{"mocha":"*"},"peerDependencies":{"yo":">=1.0.0"},"readme":"# generator-frontify\u000a\u000aA generator for [Yeoman](http://yeoman.io).\u000a\u000a[![Build Status](https://travis-ci.org/Frontify/generator-frontify.png)](https://travis-ci.org/Frontify/generator-frontify)\u000a\u000a## Getting Started\u000a\u000aInstall\u000a```\u000a$ npm install -g yo grunt-cli\u000a$ npm install generator-frontify\u000a```\u000aInitialize\u000a```\u000a$ yo frontify\u000a```","readmeFilename":"README.md","bugs":{"url":"https://github.com/Frontify/generator-frontify/issues"},"homepage":"https://github.com/Frontify/generator-frontify","_id":"generator-frontify@1.0.0","dist":{"shasum":"0921cdf14802c7830c9670267e13e4ce559e56fd","tarball":"http://registry.npmjs.org/generator-frontify/-/generator-frontify-1.0.0.tgz"},"_from":".","_npmVersion":"1.4.3","_npmUser":{"name":"rogerdudler","email":"roger.dudler@frontify.com"},"maintainers":[{"name":"rogerdudler","email":"roger.dudler@frontify.com"}]}: generator-frontify
130 error     at RegClient.<anonymous> (/usr/local/lib/node_modules/npm/node_modules/npm-registry-client/lib/request.js:237:14)
130 error     at Request.self.callback (/usr/local/lib/node_modules/npm/node_modules/request/request.js:123:22)
130 error     at Request.EventEmitter.emit (events.js:98:17)
130 error     at Request.<anonymous> (/usr/local/lib/node_modules/npm/node_modules/request/request.js:893:14)
130 error     at Request.EventEmitter.emit (events.js:117:20)
130 error     at IncomingMessage.<anonymous> (/usr/local/lib/node_modules/npm/node_modules/request/request.js:844:12)
130 error     at IncomingMessage.EventEmitter.emit (events.js:117:20)
130 error     at _stream_readable.js:920:16
130 error     at process._tickCallback (node.js:415:13)
131 error If you need help, you may report this *entire* log,
131 error including the npm and node versions, at:
131 error     <http://github.com/npm/npm/issues>
132 error System Darwin 13.1.0
133 error command "node" "/usr/local/bin/npm" "publish"
134 error cwd /data/git/generator-frontify
135 error node -v v0.10.26
136 error npm -v 1.4.3
137 verbose exit [ 1, true ]
